%!Adobe-FontList 1.13
%Locale:0x416

%BeginFont
Handler:DirectoryHandler
FontType:Invalid
OutlineFileName:D:\Maven\PageFlip2\Icones fonte web\FortAwesome-Font-Awesome-ee55c85\Font\fontawesome-webfont.eot
FileModTime:1339850222
%EndFont

%BeginFont
Handler:DirectoryHandler
FontType:Invalid
OutlineFileName:D:\Maven\PageFlip2\Icones fonte web\FortAwesome-Font-Awesome-ee55c85\Font\fontawesome-webfont.svg
FileModTime:1339850222
%EndFont

%BeginFont
Handler:DirectoryHandler
FontType:TrueType
FontName:FontAwesome
FamilyName:FontAwesome
StyleName:Regular
FullName:FontAwesome Regular
MenuName:FontAwesome
StyleBits:0
WritingScript:Roman
OutlineFileName:D:\Maven\PageFlip2\Icones fonte web\FortAwesome-Font-Awesome-ee55c85\Font\fontawesome-webfont.ttf
DataFormat:sfntData
FileLength:68476
FileModTime:1339850222
WeightClass:400
WidthClass:5
AngleClass:0
%EndFont

%BeginFont
Handler:DirectoryHandler
FontType:Invalid
OutlineFileName:D:\Maven\PageFlip2\Icones fonte web\FortAwesome-Font-Awesome-ee55c85\Font\fontawesome-webfont.woff
FileModTime:1339850222
%EndFont

